{"contracts/ArtemisZkVoting.sol":{"l":{"54":15,"55":14,"56":13,"57":13,"58":13,"59":13,"60":13,"61":13,"62":13,"63":13,"73":6,"74":6,"75":5,"76":5,"81":5,"82":1,"84":4,"86":3,"87":3,"88":3,"89":3,"90":3,"94":3,"95":0,"97":3,"98":1,"100":2,"101":2,"102":2,"106":2,"107":2,"111":2,"112":0,"115":2,"117":2,"118":2,"119":2,"120":0,"122":2,"124":2,"132":3,"136":0,"140":0,"144":1},"path":"/Users/auralshin/Projects/artemis/contracts/ArtemisZkVoting.sol","s":{"1":15,"2":14,"3":13,"4":6,"5":6,"6":5,"7":5,"8":5,"9":4,"10":3,"11":3,"12":3,"13":3,"14":3,"15":3,"16":3,"17":2,"18":2,"19":2,"20":2,"21":2,"22":2,"23":2,"24":2,"25":2,"26":3,"27":0,"28":0,"29":1},"b":{"1":[15,2],"2":[14,1],"3":[13,1],"4":[6,0],"5":[5,1],"6":[5,0],"7":[5,0],"8":[1,4],"9":[3,1],"10":[3,0],"11":[0,3],"12":[1,2],"13":[2,0],"14":[0,2],"15":[0,2],"16":[0,0],"17":[0,0],"18":[1,0]},"f":{"1":14,"2":15,"3":6,"4":2,"5":3,"6":0,"7":0,"8":1},"fnMap":{"1":{"name":"constructor","line":45,"loc":{"start":{"line":45,"column":4},"end":{"line":45,"column":61}}},"2":{"name":"addProposal","line":53,"loc":{"start":{"line":47,"column":4},"end":{"line":64,"column":4}}},"3":{"name":"voteForProposal","line":72,"loc":{"start":{"line":66,"column":4},"end":{"line":103,"column":4}}},"4":{"name":"endVoting","line":105,"loc":{"start":{"line":105,"column":4},"end":{"line":125,"column":4}}},"5":{"name":"verifyMerkleProof","line":127,"loc":{"start":{"line":127,"column":4},"end":{"line":133,"column":4}}},"6":{"name":"pauseVoting","line":135,"loc":{"start":{"line":135,"column":4},"end":{"line":137,"column":4}}},"7":{"name":"resumeVoting","line":139,"loc":{"start":{"line":139,"column":4},"end":{"line":141,"column":4}}},"8":{"name":"transferContractOwnership","line":143,"loc":{"start":{"line":143,"column":4},"end":{"line":145,"column":4}}}},"statementMap":{"1":{"start":{"line":54,"column":8},"end":{"line":54,"column":68}},"2":{"start":{"line":55,"column":8},"end":{"line":55,"column":68}},"3":{"start":{"line":63,"column":8},"end":{"line":63,"column":54}},"4":{"start":{"line":73,"column":8},"end":{"line":73,"column":57}},"5":{"start":{"line":74,"column":8},"end":{"line":74,"column":61}},"6":{"start":{"line":75,"column":8},"end":{"line":75,"column":73}},"7":{"start":{"line":76,"column":8},"end":{"line":76,"column":2591}},"8":{"start":{"line":81,"column":8},"end":{"line":81,"column":2791}},"9":{"start":{"line":84,"column":8},"end":{"line":84,"column":55}},"10":{"start":{"line":86,"column":8},"end":{"line":86,"column":50}},"11":{"start":{"line":87,"column":8},"end":{"line":87,"column":50}},"12":{"start":{"line":88,"column":8},"end":{"line":88,"column":77}},"13":{"start":{"line":89,"column":8},"end":{"line":89,"column":50}},"14":{"start":{"line":90,"column":8},"end":{"line":90,"column":3181}},"15":{"start":{"line":94,"column":8},"end":{"line":94,"column":3303}},"16":{"start":{"line":97,"column":8},"end":{"line":97,"column":3404}},"17":{"start":{"line":102,"column":8},"end":{"line":102,"column":46}},"18":{"start":{"line":106,"column":8},"end":{"line":106,"column":57}},"19":{"start":{"line":107,"column":8},"end":{"line":107,"column":3761}},"20":{"start":{"line":111,"column":8},"end":{"line":111,"column":3882}},"21":{"start":{"line":117,"column":8},"end":{"line":117,"column":73}},"22":{"start":{"line":118,"column":8},"end":{"line":118,"column":35}},"23":{"start":{"line":119,"column":8},"end":{"line":119,"column":4107}},"24":{"start":{"line":122,"column":8},"end":{"line":122,"column":71}},"25":{"start":{"line":124,"column":8},"end":{"line":124,"column":67}},"26":{"start":{"line":132,"column":8},"end":{"line":132,"column":67}},"27":{"start":{"line":136,"column":8},"end":{"line":136,"column":15}},"28":{"start":{"line":140,"column":8},"end":{"line":140,"column":17}},"29":{"start":{"line":144,"column":8},"end":{"line":144,"column":34}}},"branchMap":{"1":{"line":53,"type":"if","locations":[{"start":{"line":53,"column":15},"end":{"line":53,"column":15}},{"start":{"line":53,"column":15},"end":{"line":53,"column":15}}]},"2":{"line":54,"type":"if","locations":[{"start":{"line":54,"column":8},"end":{"line":54,"column":8}},{"start":{"line":54,"column":8},"end":{"line":54,"column":8}}]},"3":{"line":55,"type":"if","locations":[{"start":{"line":55,"column":8},"end":{"line":55,"column":8}},{"start":{"line":55,"column":8},"end":{"line":55,"column":8}}]},"4":{"line":72,"type":"if","locations":[{"start":{"line":72,"column":15},"end":{"line":72,"column":15}},{"start":{"line":72,"column":15},"end":{"line":72,"column":15}}]},"5":{"line":74,"type":"if","locations":[{"start":{"line":74,"column":8},"end":{"line":74,"column":8}},{"start":{"line":74,"column":8},"end":{"line":74,"column":8}}]},"6":{"line":75,"type":"if","locations":[{"start":{"line":75,"column":8},"end":{"line":75,"column":8}},{"start":{"line":75,"column":8},"end":{"line":75,"column":8}}]},"7":{"line":76,"type":"if","locations":[{"start":{"line":76,"column":8},"end":{"line":76,"column":8}},{"start":{"line":76,"column":8},"end":{"line":76,"column":8}}]},"8":{"line":81,"type":"if","locations":[{"start":{"line":81,"column":8},"end":{"line":81,"column":8}},{"start":{"line":81,"column":8},"end":{"line":81,"column":8}}]},"9":{"line":84,"type":"if","locations":[{"start":{"line":84,"column":8},"end":{"line":84,"column":8}},{"start":{"line":84,"column":8},"end":{"line":84,"column":8}}]},"10":{"line":86,"type":"if","locations":[{"start":{"line":86,"column":8},"end":{"line":86,"column":8}},{"start":{"line":86,"column":8},"end":{"line":86,"column":8}}]},"11":{"line":94,"type":"if","locations":[{"start":{"line":94,"column":8},"end":{"line":94,"column":8}},{"start":{"line":94,"column":8},"end":{"line":94,"column":8}}]},"12":{"line":97,"type":"if","locations":[{"start":{"line":97,"column":8},"end":{"line":97,"column":8}},{"start":{"line":97,"column":8},"end":{"line":97,"column":8}}]},"13":{"line":107,"type":"if","locations":[{"start":{"line":107,"column":8},"end":{"line":107,"column":8}},{"start":{"line":107,"column":8},"end":{"line":107,"column":8}}]},"14":{"line":111,"type":"if","locations":[{"start":{"line":111,"column":8},"end":{"line":111,"column":8}},{"start":{"line":111,"column":8},"end":{"line":111,"column":8}}]},"15":{"line":119,"type":"if","locations":[{"start":{"line":119,"column":8},"end":{"line":119,"column":8}},{"start":{"line":119,"column":8},"end":{"line":119,"column":8}}]},"16":{"line":135,"type":"if","locations":[{"start":{"line":135,"column":36},"end":{"line":135,"column":36}},{"start":{"line":135,"column":36},"end":{"line":135,"column":36}}]},"17":{"line":139,"type":"if","locations":[{"start":{"line":139,"column":37},"end":{"line":139,"column":37}},{"start":{"line":139,"column":37},"end":{"line":139,"column":37}}]},"18":{"line":143,"type":"if","locations":[{"start":{"line":143,"column":66},"end":{"line":143,"column":66}},{"start":{"line":143,"column":66},"end":{"line":143,"column":66}}]}}},"contracts/Verifier.sol":{"l":{"63":3},"path":"/Users/auralshin/Projects/artemis/contracts/Verifier.sol","s":{},"b":{},"f":{"1":3},"fnMap":{"1":{"name":"verifyProof","line":62,"loc":{"start":{"line":62,"column":4},"end":{"line":176,"column":5}}}},"statementMap":{},"branchMap":{}}}