TN:
SF:/Users/auralshin/Projects/artemis/contracts/ArtemisZkVoting.sol
FN:45,constructor
FN:53,addProposal
FN:72,voteForProposal
FN:105,endVoting
FN:127,verifyMerkleProof
FN:135,pauseVoting
FN:139,resumeVoting
FN:143,transferContractOwnership
FNF:8
FNH:6
FNDA:14,constructor
FNDA:15,addProposal
FNDA:6,voteForProposal
FNDA:2,endVoting
FNDA:3,verifyMerkleProof
FNDA:0,pauseVoting
FNDA:0,resumeVoting
FNDA:1,transferContractOwnership
DA:54,15
DA:55,14
DA:56,13
DA:57,13
DA:58,13
DA:59,13
DA:60,13
DA:61,13
DA:62,13
DA:63,13
DA:73,6
DA:74,6
DA:75,5
DA:76,5
DA:81,5
DA:82,1
DA:84,4
DA:86,3
DA:87,3
DA:88,3
DA:89,3
DA:90,3
DA:94,3
DA:95,0
DA:97,3
DA:98,1
DA:100,2
DA:101,2
DA:102,2
DA:106,2
DA:107,2
DA:111,2
DA:112,0
DA:115,2
DA:117,2
DA:118,2
DA:119,2
DA:120,0
DA:122,2
DA:124,2
DA:132,3
DA:136,0
DA:140,0
DA:144,1
LF:44
LH:39
BRDA:53,1,0,15
BRDA:53,1,1,2
BRDA:54,2,0,14
BRDA:54,2,1,1
BRDA:55,3,0,13
BRDA:55,3,1,1
BRDA:72,4,0,6
BRDA:72,4,1,0
BRDA:74,5,0,5
BRDA:74,5,1,1
BRDA:75,6,0,5
BRDA:75,6,1,0
BRDA:76,7,0,5
BRDA:76,7,1,0
BRDA:81,8,0,1
BRDA:81,8,1,4
BRDA:84,9,0,3
BRDA:84,9,1,1
BRDA:86,10,0,3
BRDA:86,10,1,0
BRDA:94,11,0,0
BRDA:94,11,1,3
BRDA:97,12,0,1
BRDA:97,12,1,2
BRDA:107,13,0,2
BRDA:107,13,1,0
BRDA:111,14,0,0
BRDA:111,14,1,2
BRDA:119,15,0,0
BRDA:119,15,1,2
BRDA:135,16,0,0
BRDA:135,16,1,0
BRDA:139,17,0,0
BRDA:139,17,1,0
BRDA:143,18,0,1
BRDA:143,18,1,0
BRF:36
BRH:23
end_of_record
TN:
SF:/Users/auralshin/Projects/artemis/contracts/Verifier.sol
FN:62,verifyProof
FNF:1
FNH:1
FNDA:3,verifyProof
DA:63,3
LF:1
LH:1
BRF:0
BRH:0
end_of_record
